.\Debug\ch11_ex11_1_fromdisk.ilk
.\Debug\ch11_ex11_1_fromdisk.pdb
D:\vs程序\vs2010\第11章\Camera-calibration\摄像机标定\.\Debug\ch11_ex11_1_fromdisk.exe
D:\vs程序\vs2010\第11章\Camera-calibration\摄像机标定\.\Debug\ch11_ex11_1_fromdisk.exe.intermediate.manifest
D:\vs程序\vs2010\第11章\Camera-calibration\摄像机标定\Debug\ch11_ex11_1_fromdisk.exe.embed.manifest
D:\vs程序\vs2010\第11章\Camera-calibration\摄像机标定\Debug\ch11_ex11_1_fromdisk.exe.embed.manifest.res
D:\vs程序\vs2010\第11章\Camera-calibration\摄像机标定\Debug\ch11_ex11_1_fromdisk.exe.intermediate.manifest
D:\vs程序\vs2010\第11章\Camera-calibration\摄像机标定\Debug\ch11_ex11_1_fromdisk.ilk
D:\vs程序\vs2010\第11章\Camera-calibration\摄像机标定\Debug\ch11_ex11_1_fromdisk.obj
D:\vs程序\vs2010\第11章\Camera-calibration\摄像机标定\Debug\ch11_ex11_1_fromdisk.pdb
D:\vs程序\vs2010\第11章\Camera-calibration\摄像机标定\Debug\ch11_ex11_1_fromdisk_manifest.rc
D:\vs程序\vs2010\第11章\Camera-calibration\摄像机标定\Debug\cl.command.1.tlog
D:\vs程序\vs2010\第11章\Camera-calibration\摄像机标定\Debug\CL.read.1.tlog
D:\vs程序\vs2010\第11章\Camera-calibration\摄像机标定\Debug\CL.write.1.tlog
D:\vs程序\vs2010\第11章\Camera-calibration\摄像机标定\Debug\link.5184.read.1.tlog
D:\vs程序\vs2010\第11章\Camera-calibration\摄像机标定\Debug\link.5184.write.1.tlog
D:\vs程序\vs2010\第11章\Camera-calibration\摄像机标定\Debug\link.5184-cvtres.read.1.tlog
D:\vs程序\vs2010\第11章\Camera-calibration\摄像机标定\Debug\link.5184-cvtres.write.1.tlog
D:\vs程序\vs2010\第11章\Camera-calibration\摄像机标定\Debug\link.command.1.tlog
D:\vs程序\vs2010\第11章\Camera-calibration\摄像机标定\Debug\link.read.1.tlog
D:\vs程序\vs2010\第11章\Camera-calibration\摄像机标定\Debug\link.write.1.tlog
D:\vs程序\vs2010\第11章\Camera-calibration\摄像机标定\Debug\link-cvtres.read.1.tlog
D:\vs程序\vs2010\第11章\Camera-calibration\摄像机标定\Debug\link-cvtres.write.1.tlog
D:\vs程序\vs2010\第11章\Camera-calibration\摄像机标定\Debug\mt.command.1.tlog
D:\vs程序\vs2010\第11章\Camera-calibration\摄像机标定\Debug\mt.read.1.tlog
D:\vs程序\vs2010\第11章\Camera-calibration\摄像机标定\Debug\mt.write.1.tlog
D:\vs程序\vs2010\第11章\Camera-calibration\摄像机标定\Debug\rc.command.1.tlog
D:\vs程序\vs2010\第11章\Camera-calibration\摄像机标定\Debug\rc.read.1.tlog
D:\vs程序\vs2010\第11章\Camera-calibration\摄像机标定\Debug\rc.write.1.tlog
D:\vs程序\vs2010\第11章\Camera-calibration\摄像机标定\Debug\vc100.idb
D:\vs程序\vs2010\第11章\Camera-calibration\摄像机标定\Debug\vc100.pdb
D:\VS程序\VS2010\第十一章\CAMERA-CALIBRATION\摄像机标定\DEBUG\CH11_EX11_1_FROMDISK.EXE
D:\VS程序\VS2010\第十一章\CAMERA-CALIBRATION\摄像机标定\DEBUG\CH11_EX11_1_FROMDISK.EXE.EMBED.MANIFEST
D:\VS程序\VS2010\第十一章\CAMERA-CALIBRATION\摄像机标定\DEBUG\CH11_EX11_1_FROMDISK.EXE.EMBED.MANIFEST.RES
D:\VS程序\VS2010\第十一章\CAMERA-CALIBRATION\摄像机标定\DEBUG\CH11_EX11_1_FROMDISK.EXE.INTERMEDIATE.MANIFEST
D:\VS程序\VS2010\第十一章\CAMERA-CALIBRATION\摄像机标定\DEBUG\CH11_EX11_1_FROMDISK.ILK
D:\VS程序\VS2010\第十一章\CAMERA-CALIBRATION\摄像机标定\DEBUG\CH11_EX11_1_FROMDISK.OBJ
D:\VS程序\VS2010\第十一章\CAMERA-CALIBRATION\摄像机标定\DEBUG\CH11_EX11_1_FROMDISK.PDB
D:\VS程序\VS2010\第十一章\CAMERA-CALIBRATION\摄像机标定\DEBUG\VC100.PDB
